<?xml version="1.0" encoding="UTF-8"?>
<!-- Generated by org.testng.reporters.JUnitXMLReporter -->
<testsuite hostname="DESKTOP-B6VV5S6" ignored="0" name="Test1" tests="3" failures="0" timestamp="06 Apr 2022 14:58:29 GMT" time="73.173" errors="0">
  <testcase name="loginTest" time="13.064" classname="com.nopCommerceV2.testCases.TC_LoginTest_001"/>
  <testcase name="addNewCustomer" time="46.02" classname="com.nopCommerceV2.testCases.TC_AddCusomerTest_003"/>
  <testcase name="search_Customer" time="5.632" classname="com.nopCommerceV2.testCases.TC_SearchCustomer_003"/>
</testsuite> <!-- Test1 -->
