<?xml version="1.0" encoding="UTF-8"?>
<!-- Generated by org.testng.reporters.JUnitXMLReporter -->
<testsuite hostname="DESKTOP-B6VV5S6" ignored="0" name="Test1" tests="3" failures="0" timestamp="06 Apr 2022 16:47:14 GMT" time="78.824" errors="0">
  <testcase name="loginTest" time="13.406" classname="com.nopCommerceV2.testCases.TC_LoginTest_001"/>
  <testcase name="addNewCustomer" time="48.102" classname="com.nopCommerceV2.testCases.TC_AddCusomerTest_003"/>
  <testcase name="search_Customer" time="8.186" classname="com.nopCommerceV2.testCases.TC_SearchCustomer_003"/>
</testsuite> <!-- Test1 -->
